->;section;tareador_instrumented_section;;;;0
nw;0;[0x7ffd9ec3e029,+16);stack;argv[0];-|
nw;1;[0x7ffd9ec3e039,+10);stack;argv[1];-|
nw;2;[0x7ffd9ec3c16c,+4);stack;unknown_name;-|
nw;3;[0x7ffd9ec3c168,+4);stack;argc;-|
nw;4;[0x7ffd9ec3c160,+8);stack;argv;-|
nw;5;[0x7ffd9ec3c15c,+4);stack;iter;-|
nw;6;[0x7ffd9ec3c150,+8);stack;infile;-|
nw;7;[0x7ffd9ec3c148,+8);stack;resfile;-|
nw;8;[0x7ffd9ec3c140,+8);stack;resfilename;-|
nw;9;[0x7ffd9ec3c108,+56);stack;param;-|
nw;10;[0x7ffd9ec3c104,+4);stack;np;-|
nw;11;[0x7ffd9ec3c0f8,+8);stack;runtime;-|
nw;12;[0x7ffd9ec3c0f0,+8);stack;flop;-|
nw;13;[0x7ffd9ec3c0e8,+8);stack;residual;-|
nw;21;[0x1698980,+32);heap;uncast(llvm_internal);;main;read_input;/scratch/nas/1/par2104/lab5/misc.c;286;-|
nw;35;[0x16646a0,+288);heap;uncast(llvm_internal);;main;initialize;/scratch/nas/1/par2104/lab5/misc.c;37;-|
nw;36;[0x169d340,+288);heap;uncast(llvm_internal);;main;initialize;/scratch/nas/1/par2104/lab5/misc.c;38;-|
nw;37;[0x169d520,+288);heap;uncast(llvm_internal);;main;initialize;/scratch/nas/1/par2104/lab5/misc.c;39;-|
  ->;section;Tareador_Main;;;;0
  us;5;loads;;stores;[0,4)
  us;9;loads;[8,12);stores;
  us;11;loads;;stores;[0,8)
    ->;section;relax_gauss;;;;22
    nw;40;[0x00000000,+8);register;__tareadorNamerelax_gauss_retVal;-|
    nw;41;[0x7ffd9ec3bf98,+8);stack;u;-|
    nw;42;[0x7ffd9ec3bf94,+4);stack;sizex;-|
    nw;43;[0x7ffd9ec3bf90,+4);stack;sizey;-|
    nw;44;[0x7ffd9ec3bf88,+8);stack;unew;-|
    nw;45;[0x7ffd9ec3bf80,+8);stack;diff;-|
    nw;46;[0x7ffd9ec3bf78,+8);stack;sum;-|
    nw;47;[0x7ffd9ec3bf74,+4);stack;howmany;-|
    nw;48;[0x7ffd9ec3bf70,+4);stack;blockid;-|
    nw;49;[0x7ffd9ec3bf6c,+4);stack;i_start;-|
    nw;50;[0x7ffd9ec3bf68,+4);stack;i_end;-|
    nw;51;[0x7ffd9ec3bf64,+4);stack;i;-|
    nw;52;[0x7ffd9ec3bf60,+4);stack;j;-|
    us;9;loads;[16,24);stores;
    us;10;loads;[0,4);stores;
    us;41;loads;;stores;[0,8)
    us;42;loads;;stores;[0,4)
    us;43;loads;;stores;[0,4)
    us;46;loads;;stores;[0,8)
    us;47;loads;;stores;[0,4)
    us;48;loads;;stores;[0,4)
    us;49;loads;;stores;[0,4)
    us;50;loads;;stores;[0,4)
    us;51;loads;;stores;[0,4)
      ->;section;relax_gauss_i;;;;113
      us;35;loads;[8,40)[48,96)[104,136);stores;[56,88)
      us;41;loads;[0,8);stores;
      us;43;loads;[0,4);stores;
      us;44;loads;;stores;[0,8)
      us;45;loads;;stores;[0,8)
      us;51;loads;[0,4);stores;
      us;52;loads;;stores;[0,4)
      <-;section;relax_gauss_i;;;;452
    us;42;loads;[0,4);stores;
    us;50;loads;[0,4);stores;
    us;51;loads;[0,4);stores;[0,4)
      ->;section;relax_gauss_i;;;;469
      us;35;loads;[56,88)[96,144)[152,184);stores;[104,136)
      us;41;loads;[0,8);stores;
      us;43;loads;[0,4);stores;
      us;44;loads;;stores;[0,8)
      us;45;loads;;stores;[0,8)
      us;51;loads;[0,4);stores;
      us;52;loads;;stores;[0,4)
      <-;section;relax_gauss_i;;;;808
    us;42;loads;[0,4);stores;
    us;50;loads;[0,4);stores;
    us;51;loads;[0,4);stores;[0,4)
      ->;section;relax_gauss_i;;;;825
      us;35;loads;[104,136)[144,192)[200,232);stores;[152,184)
      us;41;loads;[0,8);stores;
      us;43;loads;[0,4);stores;
      us;44;loads;;stores;[0,8)
      us;45;loads;;stores;[0,8)
      us;51;loads;[0,4);stores;
      us;52;loads;;stores;[0,4)
      <-;section;relax_gauss_i;;;;1164
    us;42;loads;[0,4);stores;
    us;50;loads;[0,4);stores;
    us;51;loads;[0,4);stores;[0,4)
      ->;section;relax_gauss_i;;;;1181
      us;35;loads;[152,184)[192,240)[248,280);stores;[200,232)
      us;41;loads;[0,8);stores;
      us;43;loads;[0,4);stores;
      us;44;loads;;stores;[0,8)
      us;45;loads;;stores;[0,8)
      us;51;loads;[0,4);stores;
      us;52;loads;;stores;[0,4)
      <-;section;relax_gauss_i;;;;1520
    us;13;loads;;stores;[0,8)
    us;40;loads;;stores;[0,8)
    us;42;loads;[0,4);stores;
    us;46;loads;[0,8);stores;
    us;47;loads;[0,4);stores;
    us;48;loads;[0,4);stores;[0,4)
    us;50;loads;[0,4);stores;
    us;51;loads;[0,4);stores;[0,4)
    dl;41;[0x7ffd9ec3bf98,+8);stack;u;-|
    dl;42;[0x7ffd9ec3bf94,+4);stack;sizex;-|
    dl;43;[0x7ffd9ec3bf90,+4);stack;sizey;-|
    dl;44;[0x7ffd9ec3bf88,+8);stack;unew;-|
    dl;45;[0x7ffd9ec3bf80,+8);stack;diff;-|
    dl;46;[0x7ffd9ec3bf78,+8);stack;sum;-|
    dl;47;[0x7ffd9ec3bf74,+4);stack;howmany;-|
    dl;48;[0x7ffd9ec3bf70,+4);stack;blockid;-|
    dl;49;[0x7ffd9ec3bf6c,+4);stack;i_start;-|
    dl;50;[0x7ffd9ec3bf68,+4);stack;i_end;-|
    dl;51;[0x7ffd9ec3bf64,+4);stack;i;-|
    dl;52;[0x7ffd9ec3bf60,+4);stack;j;-|
    dl;40;[0x00000000,+8);register;__tareadorNamerelax_gauss_retVal;-|
    <-;section;relax_gauss;;;;1555
  us;5;loads;[0,4);stores;[0,4)
  us;9;loads;[0,4)[8,12);stores;
  us;13;loads;[0,8);stores;
    ->;section;relax_gauss;;;;1575
    nw;53;[0x00000000,+8);register;__tareadorNamerelax_gauss_retVal;-|
    nw;54;[0x7ffd9ec3bf98,+8);stack;u;-|
    nw;55;[0x7ffd9ec3bf94,+4);stack;sizex;-|
    nw;56;[0x7ffd9ec3bf90,+4);stack;sizey;-|
    nw;57;[0x7ffd9ec3bf88,+8);stack;unew;-|
    nw;58;[0x7ffd9ec3bf80,+8);stack;diff;-|
    nw;59;[0x7ffd9ec3bf78,+8);stack;sum;-|
    nw;60;[0x7ffd9ec3bf74,+4);stack;howmany;-|
    nw;61;[0x7ffd9ec3bf70,+4);stack;blockid;-|
    nw;62;[0x7ffd9ec3bf6c,+4);stack;i_start;-|
    nw;63;[0x7ffd9ec3bf68,+4);stack;i_end;-|
    nw;64;[0x7ffd9ec3bf64,+4);stack;i;-|
    nw;65;[0x7ffd9ec3bf60,+4);stack;j;-|
    us;9;loads;[16,24);stores;
    us;10;loads;[0,4);stores;
    us;54;loads;;stores;[0,8)
    us;55;loads;;stores;[0,4)
    us;56;loads;;stores;[0,4)
    us;59;loads;;stores;[0,8)
    us;60;loads;;stores;[0,4)
    us;61;loads;;stores;[0,4)
    us;62;loads;;stores;[0,4)
    us;63;loads;;stores;[0,4)
    us;64;loads;;stores;[0,4)
      ->;section;relax_gauss_i;;;;1666
      us;35;loads;[8,40)[48,96)[104,136);stores;[56,88)
      us;54;loads;[0,8);stores;
      us;56;loads;[0,4);stores;
      us;57;loads;;stores;[0,8)
      us;58;loads;;stores;[0,8)
      us;64;loads;[0,4);stores;
      us;65;loads;;stores;[0,4)
      <-;section;relax_gauss_i;;;;2005
    us;55;loads;[0,4);stores;
    us;63;loads;[0,4);stores;
    us;64;loads;[0,4);stores;[0,4)
      ->;section;relax_gauss_i;;;;2022
      us;35;loads;[56,88)[96,144)[152,184);stores;[104,136)
      us;54;loads;[0,8);stores;
      us;56;loads;[0,4);stores;
      us;57;loads;;stores;[0,8)
      us;58;loads;;stores;[0,8)
      us;64;loads;[0,4);stores;
      us;65;loads;;stores;[0,4)
      <-;section;relax_gauss_i;;;;2361
    us;55;loads;[0,4);stores;
    us;63;loads;[0,4);stores;
    us;64;loads;[0,4);stores;[0,4)
      ->;section;relax_gauss_i;;;;2378
      us;35;loads;[104,136)[144,192)[200,232);stores;[152,184)
      us;54;loads;[0,8);stores;
      us;56;loads;[0,4);stores;
      us;57;loads;;stores;[0,8)
      us;58;loads;;stores;[0,8)
      us;64;loads;[0,4);stores;
      us;65;loads;;stores;[0,4)
      <-;section;relax_gauss_i;;;;2717
    us;55;loads;[0,4);stores;
    us;63;loads;[0,4);stores;
    us;64;loads;[0,4);stores;[0,4)
      ->;section;relax_gauss_i;;;;2734
      us;35;loads;[152,184)[192,240)[248,280);stores;[200,232)
      us;54;loads;[0,8);stores;
      us;56;loads;[0,4);stores;
      us;57;loads;;stores;[0,8)
      us;58;loads;;stores;[0,8)
      us;64;loads;[0,4);stores;
      us;65;loads;;stores;[0,4)
      <-;section;relax_gauss_i;;;;3073
    us;13;loads;;stores;[0,8)
    us;53;loads;;stores;[0,8)
    us;55;loads;[0,4);stores;
    us;59;loads;[0,8);stores;
    us;60;loads;[0,4);stores;
    us;61;loads;[0,4);stores;[0,4)
    us;63;loads;[0,4);stores;
    us;64;loads;[0,4);stores;[0,4)
    dl;54;[0x7ffd9ec3bf98,+8);stack;u;-|
    dl;55;[0x7ffd9ec3bf94,+4);stack;sizex;-|
    dl;56;[0x7ffd9ec3bf90,+4);stack;sizey;-|
    dl;57;[0x7ffd9ec3bf88,+8);stack;unew;-|
    dl;58;[0x7ffd9ec3bf80,+8);stack;diff;-|
    dl;59;[0x7ffd9ec3bf78,+8);stack;sum;-|
    dl;60;[0x7ffd9ec3bf74,+4);stack;howmany;-|
    dl;61;[0x7ffd9ec3bf70,+4);stack;blockid;-|
    dl;62;[0x7ffd9ec3bf6c,+4);stack;i_start;-|
    dl;63;[0x7ffd9ec3bf68,+4);stack;i_end;-|
    dl;64;[0x7ffd9ec3bf64,+4);stack;i;-|
    dl;65;[0x7ffd9ec3bf60,+4);stack;j;-|
    dl;53;[0x00000000,+8);register;__tareadorNamerelax_gauss_retVal;-|
    <-;section;relax_gauss;;;;3108
  us;5;loads;[0,4);stores;[0,4)
  us;9;loads;[0,8);stores;
  us;11;loads;[0,8);stores;[0,8)
  us;12;loads;;stores;[0,8)
  us;13;loads;[0,8);stores;
  <-;section;Tareador_Main;;;;3152
dl;35;[0x16646a0,+288);heap;uncast(llvm_internal);;main;initialize;/scratch/nas/1/par2104/lab5/misc.c;37;-|
dl;36;[0x169d340,+288);heap;uncast(llvm_internal);;main;initialize;/scratch/nas/1/par2104/lab5/misc.c;38;-|
dl;37;[0x169d520,+288);heap;uncast(llvm_internal);;main;initialize;/scratch/nas/1/par2104/lab5/misc.c;39;-|
dl;2;[0x7ffd9ec3c16c,+4);stack;unknown_name;-|
dl;3;[0x7ffd9ec3c168,+4);stack;argc;-|
dl;4;[0x7ffd9ec3c160,+8);stack;argv;-|
dl;5;[0x7ffd9ec3c15c,+4);stack;iter;-|
dl;6;[0x7ffd9ec3c150,+8);stack;infile;-|
dl;7;[0x7ffd9ec3c148,+8);stack;resfile;-|
dl;8;[0x7ffd9ec3c140,+8);stack;resfilename;-|
dl;9;[0x7ffd9ec3c108,+56);stack;param;-|
dl;10;[0x7ffd9ec3c104,+4);stack;np;-|
dl;11;[0x7ffd9ec3c0f8,+8);stack;runtime;-|
dl;12;[0x7ffd9ec3c0f0,+8);stack;flop;-|
dl;13;[0x7ffd9ec3c0e8,+8);stack;residual;-|
<-;section;tareador_instrumented_section;;;;3152
